<?xml version="1.0" encoding="UTF-8"?>
<testsuites>
  <testsuite name="Tests\ServiceInfQixFooTest" file="/home/banibai/FooBarQixExtended/tests/ServiceInfQixFooTest.php" tests="65" assertions="156" errors="0" warnings="0" failures="0" skipped="0" time="0.013931">
    <testcase name="testMultipleOfEightShouldReturnInf" class="Tests\ServiceInfQixFooTest" classname="Tests.ServiceInfQixFooTest" file="/home/banibai/FooBarQixExtended/tests/ServiceInfQixFooTest.php" line="34" assertions="3" time="0.001890"/>
    <testcase name="testMultipleOfSevenShouldReturnQix" class="Tests\ServiceInfQixFooTest" classname="Tests.ServiceInfQixFooTest" file="/home/banibai/FooBarQixExtended/tests/ServiceInfQixFooTest.php" line="42" assertions="3" time="0.000230"/>
    <testcase name="testMultipleOfThreeShouldReturnFoo" class="Tests\ServiceInfQixFooTest" classname="Tests.ServiceInfQixFooTest" file="/home/banibai/FooBarQixExtended/tests/ServiceInfQixFooTest.php" line="50" assertions="3" time="0.000159"/>
    <testcase name="testMultipleOfEightAndSevenShouldReturnInfQix" class="Tests\ServiceInfQixFooTest" classname="Tests.ServiceInfQixFooTest" file="/home/banibai/FooBarQixExtended/tests/ServiceInfQixFooTest.php" line="58" assertions="3" time="0.000102"/>
    <testcase name="testMultipleOfEightAndThreeShouldReturnInfFoo" class="Tests\ServiceInfQixFooTest" classname="Tests.ServiceInfQixFooTest" file="/home/banibai/FooBarQixExtended/tests/ServiceInfQixFooTest.php" line="66" assertions="3" time="0.000191"/>
    <testcase name="testMultipleOfSevenAndThreeShouldReturnQixFoo" class="Tests\ServiceInfQixFooTest" classname="Tests.ServiceInfQixFooTest" file="/home/banibai/FooBarQixExtended/tests/ServiceInfQixFooTest.php" line="74" assertions="3" time="0.000168"/>
    <testcase name="testMultipleOfEightSevenAndThreeShouldReturnInfQixFoo" class="Tests\ServiceInfQixFooTest" classname="Tests.ServiceInfQixFooTest" file="/home/banibai/FooBarQixExtended/tests/ServiceInfQixFooTest.php" line="82" assertions="3" time="0.000105"/>
    <testcase name="testMultipleShouldReturnNumber" class="Tests\ServiceInfQixFooTest" classname="Tests.ServiceInfQixFooTest" file="/home/banibai/FooBarQixExtended/tests/ServiceInfQixFooTest.php" line="90" assertions="3" time="0.000105"/>
    <testcase name="testNumberContainsEightShouldReturnInf" class="Tests\ServiceInfQixFooTest" classname="Tests.ServiceInfQixFooTest" file="/home/banibai/FooBarQixExtended/tests/ServiceInfQixFooTest.php" line="104" assertions="3" time="0.000372"/>
    <testcase name="testNumberContainsSevenShouldReturnQix" class="Tests\ServiceInfQixFooTest" classname="Tests.ServiceInfQixFooTest" file="/home/banibai/FooBarQixExtended/tests/ServiceInfQixFooTest.php" line="112" assertions="3" time="0.000194"/>
    <testcase name="testNumberContainsThreeShouldReturnFoo" class="Tests\ServiceInfQixFooTest" classname="Tests.ServiceInfQixFooTest" file="/home/banibai/FooBarQixExtended/tests/ServiceInfQixFooTest.php" line="120" assertions="3" time="0.000161"/>
    <testcase name="testNumberContainsEightAndSevenShouldReturnInfQix" class="Tests\ServiceInfQixFooTest" classname="Tests.ServiceInfQixFooTest" file="/home/banibai/FooBarQixExtended/tests/ServiceInfQixFooTest.php" line="128" assertions="4" time="0.000209"/>
    <testcase name="testNumberContainsEightAndThreeShouldReturnInfFoo" class="Tests\ServiceInfQixFooTest" classname="Tests.ServiceInfQixFooTest" file="/home/banibai/FooBarQixExtended/tests/ServiceInfQixFooTest.php" line="137" assertions="4" time="0.000124"/>
    <testcase name="testNumberContainsSevenAndThreeShouldReturnQixFoo" class="Tests\ServiceInfQixFooTest" classname="Tests.ServiceInfQixFooTest" file="/home/banibai/FooBarQixExtended/tests/ServiceInfQixFooTest.php" line="146" assertions="4" time="0.000206"/>
    <testcase name="testNumberContainsThreeEightAndSevenShouldReturnFooInfQix" class="Tests\ServiceInfQixFooTest" classname="Tests.ServiceInfQixFooTest" file="/home/banibai/FooBarQixExtended/tests/ServiceInfQixFooTest.php" line="156" assertions="9" time="0.000331"/>
    <testcase name="testMultipleOfEightContainsThreeShouldReturnInfAppendFoo" class="Tests\ServiceInfQixFooTest" classname="Tests.ServiceInfQixFooTest" file="/home/banibai/FooBarQixExtended/tests/ServiceInfQixFooTest.php" line="174" assertions="2" time="0.000191"/>
    <testcase name="testMultipleOfEightContainsSevenShouldReturnInfAppendQix" class="Tests\ServiceInfQixFooTest" classname="Tests.ServiceInfQixFooTest" file="/home/banibai/FooBarQixExtended/tests/ServiceInfQixFooTest.php" line="181" assertions="2" time="0.000168"/>
    <testcase name="testMultipleOfEightContainsEightShouldReturnInfAppendInf" class="Tests\ServiceInfQixFooTest" classname="Tests.ServiceInfQixFooTest" file="/home/banibai/FooBarQixExtended/tests/ServiceInfQixFooTest.php" line="188" assertions="2" time="0.000162"/>
    <testcase name="testMultipleOfEightContainsEightAndSevenShouldReturnInfAppendInfQix" class="Tests\ServiceInfQixFooTest" classname="Tests.ServiceInfQixFooTest" file="/home/banibai/FooBarQixExtended/tests/ServiceInfQixFooTest.php" line="195" assertions="2" time="0.000110"/>
    <testcase name="testMultipleOfEightContainsEightAndThreeShouldReturnInfAppendInfFoo" class="Tests\ServiceInfQixFooTest" classname="Tests.ServiceInfQixFooTest" file="/home/banibai/FooBarQixExtended/tests/ServiceInfQixFooTest.php" line="202" assertions="2" time="0.000250"/>
    <testcase name="testMultipleOfEightContainsSevenAndThreeShouldReturnInfAppendQixFoo" class="Tests\ServiceInfQixFooTest" classname="Tests.ServiceInfQixFooTest" file="/home/banibai/FooBarQixExtended/tests/ServiceInfQixFooTest.php" line="209" assertions="2" time="0.000180"/>
    <testcase name="testMultipleOfEightContainsEightSevenAndThreeShouldReturnInfAppendInfQixFoo" class="Tests\ServiceInfQixFooTest" classname="Tests.ServiceInfQixFooTest" file="/home/banibai/FooBarQixExtended/tests/ServiceInfQixFooTest.php" line="216" assertions="6" time="0.000172"/>
    <testcase name="testMultipleOfSevenContainsEightShouldReturnQixAppendInf" class="Tests\ServiceInfQixFooTest" classname="Tests.ServiceInfQixFooTest" file="/home/banibai/FooBarQixExtended/tests/ServiceInfQixFooTest.php" line="229" assertions="2" time="0.000103"/>
    <testcase name="testMultipleOfSevenContainsSevenShouldReturnQixAppendQix" class="Tests\ServiceInfQixFooTest" classname="Tests.ServiceInfQixFooTest" file="/home/banibai/FooBarQixExtended/tests/ServiceInfQixFooTest.php" line="236" assertions="2" time="0.000153"/>
    <testcase name="testMultipleOfSevenContainsThreeShouldReturnQixAppendFoo" class="Tests\ServiceInfQixFooTest" classname="Tests.ServiceInfQixFooTest" file="/home/banibai/FooBarQixExtended/tests/ServiceInfQixFooTest.php" line="243" assertions="2" time="0.000153"/>
    <testcase name="testMultipleOfSevenContainsEightAndSevenShouldReturnQixAppendInfQix" class="Tests\ServiceInfQixFooTest" classname="Tests.ServiceInfQixFooTest" file="/home/banibai/FooBarQixExtended/tests/ServiceInfQixFooTest.php" line="250" assertions="2" time="0.000120"/>
    <testcase name="testMultipleOfSevenContainsEightAndThreeShouldReturnQixAppendFooInf" class="Tests\ServiceInfQixFooTest" classname="Tests.ServiceInfQixFooTest" file="/home/banibai/FooBarQixExtended/tests/ServiceInfQixFooTest.php" line="257" assertions="2" time="0.000124"/>
    <testcase name="testMultipleOfSevenContainsSevenAndThreeShouldReturnQixAppendQixFoo" class="Tests\ServiceInfQixFooTest" classname="Tests.ServiceInfQixFooTest" file="/home/banibai/FooBarQixExtended/tests/ServiceInfQixFooTest.php" line="264" assertions="2" time="0.000113"/>
    <testcase name="testMultipleOfSevenContainsThreeEightAndSevenShouldReturnQixAppendInfQixFoo" class="Tests\ServiceInfQixFooTest" classname="Tests.ServiceInfQixFooTest" file="/home/banibai/FooBarQixExtended/tests/ServiceInfQixFooTest.php" line="271" assertions="6" time="0.000206"/>
    <testcase name="testMultipleOfThreeContainsEightShouldReturnFooAppendInf" class="Tests\ServiceInfQixFooTest" classname="Tests.ServiceInfQixFooTest" file="/home/banibai/FooBarQixExtended/tests/ServiceInfQixFooTest.php" line="284" assertions="2" time="0.000102"/>
    <testcase name="testMultipleOfThreeContainsSevenShouldReturnFooAppendQix" class="Tests\ServiceInfQixFooTest" classname="Tests.ServiceInfQixFooTest" file="/home/banibai/FooBarQixExtended/tests/ServiceInfQixFooTest.php" line="291" assertions="2" time="0.000116"/>
    <testcase name="testMultipleOfThreeContainsTreeShouldReturnFooAppendFoo" class="Tests\ServiceInfQixFooTest" classname="Tests.ServiceInfQixFooTest" file="/home/banibai/FooBarQixExtended/tests/ServiceInfQixFooTest.php" line="298" assertions="2" time="0.000102"/>
    <testcase name="testMultipleOfThreeContainsEightAndSevenShouldReturnFooAppendInfQix" class="Tests\ServiceInfQixFooTest" classname="Tests.ServiceInfQixFooTest" file="/home/banibai/FooBarQixExtended/tests/ServiceInfQixFooTest.php" line="305" assertions="2" time="0.000094"/>
    <testcase name="testMultipleOfThreeContainsEightAndTreeShouldReturnFooAppendInfFoo" class="Tests\ServiceInfQixFooTest" classname="Tests.ServiceInfQixFooTest" file="/home/banibai/FooBarQixExtended/tests/ServiceInfQixFooTest.php" line="312" assertions="2" time="0.001857"/>
    <testcase name="testMultipleOfThreeContainsSevenAndThreeShouldReturnFooAppendQixFoo" class="Tests\ServiceInfQixFooTest" classname="Tests.ServiceInfQixFooTest" file="/home/banibai/FooBarQixExtended/tests/ServiceInfQixFooTest.php" line="319" assertions="2" time="0.000152"/>
    <testcase name="testMultipleOfThreeContainsEightSevenAndThreeShouldReturnFooAppendInfQixFoo" class="Tests\ServiceInfQixFooTest" classname="Tests.ServiceInfQixFooTest" file="/home/banibai/FooBarQixExtended/tests/ServiceInfQixFooTest.php" line="326" assertions="6" time="0.000264"/>
    <testcase name="testMultipleOfEightAndSevenContainsEightShouldReturnInfQixAppendInf" class="Tests\ServiceInfQixFooTest" classname="Tests.ServiceInfQixFooTest" file="/home/banibai/FooBarQixExtended/tests/ServiceInfQixFooTest.php" line="339" assertions="1" time="0.000144"/>
    <testcase name="testMultipleOfEightAndThreeContainsEightShouldReturnInfFooAppendInf" class="Tests\ServiceInfQixFooTest" classname="Tests.ServiceInfQixFooTest" file="/home/banibai/FooBarQixExtended/tests/ServiceInfQixFooTest.php" line="345" assertions="1" time="0.000094"/>
    <testcase name="testMultipleOfSevenAndThreeContainsEightShouldReturnQixFooAppendInf" class="Tests\ServiceInfQixFooTest" classname="Tests.ServiceInfQixFooTest" file="/home/banibai/FooBarQixExtended/tests/ServiceInfQixFooTest.php" line="351" assertions="1" time="0.000096"/>
    <testcase name="testMultipleOfEightSevenAndThreeContainsEightShouldReturnInfQixFooAppendInf" class="Tests\ServiceInfQixFooTest" classname="Tests.ServiceInfQixFooTest" file="/home/banibai/FooBarQixExtended/tests/ServiceInfQixFooTest.php" line="357" assertions="1" time="0.000189"/>
    <testcase name="testMultipleOfEightAndSevenContainsSevenShouldReturnInfQixAppendQix" class="Tests\ServiceInfQixFooTest" classname="Tests.ServiceInfQixFooTest" file="/home/banibai/FooBarQixExtended/tests/ServiceInfQixFooTest.php" line="365" assertions="1" time="0.000098"/>
    <testcase name="testMultipleOfEightAndThreeContainsSevenShouldReturnInfFooAppendQix" class="Tests\ServiceInfQixFooTest" classname="Tests.ServiceInfQixFooTest" file="/home/banibai/FooBarQixExtended/tests/ServiceInfQixFooTest.php" line="371" assertions="1" time="0.000106"/>
    <testcase name="testMultipleOfSevenAndThreeContainsSevenShouldReturnQixFooAppendQix" class="Tests\ServiceInfQixFooTest" classname="Tests.ServiceInfQixFooTest" file="/home/banibai/FooBarQixExtended/tests/ServiceInfQixFooTest.php" line="377" assertions="1" time="0.000097"/>
    <testcase name="testMultipleOfEightSevenAndThreeContainsSevenShouldReturnInfQixFooAppendQix" class="Tests\ServiceInfQixFooTest" classname="Tests.ServiceInfQixFooTest" file="/home/banibai/FooBarQixExtended/tests/ServiceInfQixFooTest.php" line="383" assertions="1" time="0.000092"/>
    <testcase name="testMultipleOfEightAndSevenContainsThreeShouldReturnInfQixAppendFoo" class="Tests\ServiceInfQixFooTest" classname="Tests.ServiceInfQixFooTest" file="/home/banibai/FooBarQixExtended/tests/ServiceInfQixFooTest.php" line="391" assertions="1" time="0.000212"/>
    <testcase name="testMultipleOfEightAndThreeContainsThreeShouldReturnInfFooAppendFoo" class="Tests\ServiceInfQixFooTest" classname="Tests.ServiceInfQixFooTest" file="/home/banibai/FooBarQixExtended/tests/ServiceInfQixFooTest.php" line="397" assertions="1" time="0.000163"/>
    <testcase name="testMultipleOfSevenAndThreeContainsThreeShouldReturnQixFooAppendFoo" class="Tests\ServiceInfQixFooTest" classname="Tests.ServiceInfQixFooTest" file="/home/banibai/FooBarQixExtended/tests/ServiceInfQixFooTest.php" line="403" assertions="1" time="0.000190"/>
    <testcase name="testMultipleOfEightSevenAndThreeContainsThreeShouldReturnInfQixFooAppendFoo" class="Tests\ServiceInfQixFooTest" classname="Tests.ServiceInfQixFooTest" file="/home/banibai/FooBarQixExtended/tests/ServiceInfQixFooTest.php" line="409" assertions="1" time="0.000169"/>
    <testcase name="testMultipleOfEightAndSevenContainsEightAndSevenShouldReturnInfQixAppendInfQix" class="Tests\ServiceInfQixFooTest" classname="Tests.ServiceInfQixFooTest" file="/home/banibai/FooBarQixExtended/tests/ServiceInfQixFooTest.php" line="417" assertions="2" time="0.000187"/>
    <testcase name="testMultipleOfEightAndSevenContainsEightAndThreeShouldReturnInfQixAppendInfFoo" class="Tests\ServiceInfQixFooTest" classname="Tests.ServiceInfQixFooTest" file="/home/banibai/FooBarQixExtended/tests/ServiceInfQixFooTest.php" line="424" assertions="2" time="0.000191"/>
    <testcase name="testMultipleOfEightAndSevenContainsSevenAndThreeShouldReturnInfQixAppendQixFoo" class="Tests\ServiceInfQixFooTest" classname="Tests.ServiceInfQixFooTest" file="/home/banibai/FooBarQixExtended/tests/ServiceInfQixFooTest.php" line="431" assertions="2" time="0.000200"/>
    <testcase name="testMultipleOfEightAndSevenContainsEightSevenAndThreeShouldReturnInfQixAppendInfQixFoo" class="Tests\ServiceInfQixFooTest" classname="Tests.ServiceInfQixFooTest" file="/home/banibai/FooBarQixExtended/tests/ServiceInfQixFooTest.php" line="438" assertions="2" time="0.000114"/>
    <testcase name="testMultipleOfEightAndThreeContainsEightAndSevenShouldReturnInfFooAppendInfQix" class="Tests\ServiceInfQixFooTest" classname="Tests.ServiceInfQixFooTest" file="/home/banibai/FooBarQixExtended/tests/ServiceInfQixFooTest.php" line="447" assertions="2" time="0.000103"/>
    <testcase name="testMultipleOfEightAndThreeContainsEightAndThreeShouldReturnInfFooAppendInfFoo" class="Tests\ServiceInfQixFooTest" classname="Tests.ServiceInfQixFooTest" file="/home/banibai/FooBarQixExtended/tests/ServiceInfQixFooTest.php" line="454" assertions="2" time="0.000176"/>
    <testcase name="testMultipleOfEightAndThreeContainsSevenAndThreeShouldReturnInfFooAppendQixFoo" class="Tests\ServiceInfQixFooTest" classname="Tests.ServiceInfQixFooTest" file="/home/banibai/FooBarQixExtended/tests/ServiceInfQixFooTest.php" line="461" assertions="2" time="0.000176"/>
    <testcase name="testMultipleOfEightAndThreeContainsEightSevenAndTreeShouldReturnInfFooAppendInfQixFoo" class="Tests\ServiceInfQixFooTest" classname="Tests.ServiceInfQixFooTest" file="/home/banibai/FooBarQixExtended/tests/ServiceInfQixFooTest.php" line="468" assertions="2" time="0.000175"/>
    <testcase name="testMultipleOfSevenAndThreeContainsEightAndSevenShouldReturnQixFooAppendInfQix" class="Tests\ServiceInfQixFooTest" classname="Tests.ServiceInfQixFooTest" file="/home/banibai/FooBarQixExtended/tests/ServiceInfQixFooTest.php" line="478" assertions="2" time="0.000189"/>
    <testcase name="testMultipleOfSevenAndThreeContainsEightAndThreeShouldReturnQixFooAppendInfFoo" class="Tests\ServiceInfQixFooTest" classname="Tests.ServiceInfQixFooTest" file="/home/banibai/FooBarQixExtended/tests/ServiceInfQixFooTest.php" line="485" assertions="2" time="0.000188"/>
    <testcase name="testMultipleOfSevenAndThreeContainsSevenAndThreeShouldReturnQixFooAppendQixFoo" class="Tests\ServiceInfQixFooTest" classname="Tests.ServiceInfQixFooTest" file="/home/banibai/FooBarQixExtended/tests/ServiceInfQixFooTest.php" line="492" assertions="2" time="0.000205"/>
    <testcase name="testMultipleOfSevenAndThreeContainsEightSevenAndThreeShouldReturnQixFooAppendInfQixFoo" class="Tests\ServiceInfQixFooTest" classname="Tests.ServiceInfQixFooTest" file="/home/banibai/FooBarQixExtended/tests/ServiceInfQixFooTest.php" line="499" assertions="2" time="0.000202"/>
    <testcase name="testMultipleOfEightSevenAndThreeContainsEightAndSevenShouldReturnInfQixFooAppendInfQix" class="Tests\ServiceInfQixFooTest" classname="Tests.ServiceInfQixFooTest" file="/home/banibai/FooBarQixExtended/tests/ServiceInfQixFooTest.php" line="508" assertions="2" time="0.000195"/>
    <testcase name="testMultipleOfEightSevenAndThreeContainsEightAndThreeShouldReturnInfQixFooAppendInfFoo" class="Tests\ServiceInfQixFooTest" classname="Tests.ServiceInfQixFooTest" file="/home/banibai/FooBarQixExtended/tests/ServiceInfQixFooTest.php" line="515" assertions="2" time="0.000156"/>
    <testcase name="testMultipleOfEightSevenAndThreeContainsSevenAndThreeShouldReturnInfQixFooAppendQixFoo" class="Tests\ServiceInfQixFooTest" classname="Tests.ServiceInfQixFooTest" file="/home/banibai/FooBarQixExtended/tests/ServiceInfQixFooTest.php" line="522" assertions="2" time="0.000109"/>
    <testcase name="testMultipleOfEightSevenAndThreeContainsEightSevenAndThreeShouldReturnInfQixFooAppendInfQixFoo" class="Tests\ServiceInfQixFooTest" classname="Tests.ServiceInfQixFooTest" file="/home/banibai/FooBarQixExtended/tests/ServiceInfQixFooTest.php" line="529" assertions="2" time="0.000134"/>
    <testcase name="testSumOfAllDigitsIsMultipleOfEight" class="Tests\ServiceInfQixFooTest" classname="Tests.ServiceInfQixFooTest" file="/home/banibai/FooBarQixExtended/tests/ServiceInfQixFooTest.php" line="539" assertions="4" time="0.000139"/>
  </testsuite>
</testsuites>
